TN:
SF:script/DeploySubscriptionManager.s.sol
FN:10,DeploySubscriptionManager.run
FNDA:0,DeploySubscriptionManager.run
DA:11,0
FN:14,DeploySubscriptionManager.deploySubscriptionManager
FNDA:69,DeploySubscriptionManager.deploySubscriptionManager
DA:15,69
DA:16,69
DA:18,69
DA:19,69
DA:21,69
DA:22,69
DA:23,138
DA:25,69
DA:26,69
FNF:2
FNH:1
LF:10
LH:9
BRF:0
BRH:0
end_of_record
TN:
SF:script/HelperConfig.s.sol
FN:22,HelperConfig.
FNDA:69,HelperConfig.
DA:23,69
BRDA:23,0,0,-
BRDA:23,0,1,69
DA:24,0
DA:26,69
FN:30,HelperConfig.getActiveConfig
FNDA:138,HelperConfig.getActiveConfig
DA:31,138
FN:34,HelperConfig.getSepoliaEthConfig
FNDA:0,HelperConfig.getSepoliaEthConfig
DA:35,0
FN:38,HelperConfig.getOrCreateAnvilEthConfig
FNDA:69,HelperConfig.getOrCreateAnvilEthConfig
DA:39,69
BRDA:39,1,0,-
DA:40,0
DA:43,69
DA:44,69
DA:45,69
DA:47,69
DA:48,69
DA:49,69
DA:51,69
DA:52,69
DA:54,69
DA:55,69
DA:57,69
DA:58,69
DA:60,69
FNF:4
FNH:3
LF:20
LH:17
BRF:3
BRH:1
end_of_record
TN:
SF:src/MemberBeatSubscriptionManager.sol
FN:45,MemberBeatSubscriptionManager.onlyAuthorized
FNDA:3,MemberBeatSubscriptionManager.onlyAuthorized
DA:46,3
FN:51,MemberBeatSubscriptionManager.
FNDA:69,MemberBeatSubscriptionManager.
DA:52,69
DA:53,69
FN:56,MemberBeatSubscriptionManager.subscribe
FNDA:20,MemberBeatSubscriptionManager.subscribe
DA:57,20
FN:60,MemberBeatSubscriptionManager.subscribe
FNDA:2,MemberBeatSubscriptionManager.subscribe
DA:61,22
BRDA:61,0,0,3
DA:62,3
DA:65,19
DA:67,19
DA:68,2
DA:69,1
BRDA:69,1,0,1
DA:70,1
DA:73,18
DA:74,16
DA:75,16
DA:77,16
DA:88,16
DA:89,16
DA:90,16
DA:92,16
BRDA:92,2,0,15
BRDA:92,2,1,1
DA:93,15
DA:95,1
DA:98,12
FN:101,MemberBeatSubscriptionManager.findBillingPlanTokenIndex
FNDA:16,MemberBeatSubscriptionManager.findBillingPlanTokenIndex
DA:106,16
DA:107,18
BRDA:107,3,0,15
DA:108,15
DA:111,1
FN:114,MemberBeatSubscriptionManager.getNextChargeTimestamp
FNDA:13,MemberBeatSubscriptionManager.getNextChargeTimestamp
DA:115,13
DA:116,13
DA:117,13
DA:118,13
BRDA:118,4,0,-
BRDA:118,4,1,-
DA:119,0
DA:120,13
BRDA:120,5,0,13
BRDA:120,5,1,-
DA:121,13
DA:122,0
BRDA:122,6,0,-
DA:123,0
DA:126,0
FN:129,MemberBeatSubscriptionManager.scheduleSubscription
FNDA:14,MemberBeatSubscriptionManager.scheduleSubscription
DA:130,14
BRDA:130,7,0,14
DA:131,14
DA:133,14
DA:135,14
DA:136,14
DA:137,14
DA:138,14
DA:139,14
DA:140,14
DA:141,14
DA:143,14
FN:147,MemberBeatSubscriptionManager.chargeSubscription
FNDA:16,MemberBeatSubscriptionManager.chargeSubscription
DA:148,16
DA:150,16
DA:152,16
DA:154,15
DA:155,15
BRDA:155,8,0,-
BRDA:155,8,1,15
DA:156,0
DA:157,15
BRDA:157,9,0,15
DA:158,15
DA:159,15
DA:160,15
DA:163,15
BRDA:163,10,0,1
DA:164,1
DA:169,14
DA:170,14
DA:171,14
DA:172,14
BRDA:172,11,0,1
DA:173,1
DA:176,13
DA:177,13
DA:178,13
DA:179,13
DA:181,13
DA:182,13
DA:184,13
DA:186,13
DA:187,12
BRDA:187,12,0,-
DA:188,0
DA:191,12
FN:194,MemberBeatSubscriptionManager.unsubscribe
FNDA:4,MemberBeatSubscriptionManager.unsubscribe
DA:195,4
FN:198,MemberBeatSubscriptionManager._unsubscribe
FNDA:4,MemberBeatSubscriptionManager._unsubscribe
DA:199,4
DA:201,3
DA:202,3
DA:204,3
FN:207,MemberBeatSubscriptionManager.getUserSubscriptionWithIndex
FNDA:10,MemberBeatSubscriptionManager.getUserSubscriptionWithIndex
DA:212,10
DA:213,10
BRDA:213,13,0,1
DA:214,1
DA:217,9
DA:218,9
BRDA:218,14,0,3
DA:219,3
FN:223,MemberBeatSubscriptionManager.processDueSubscriptions
FNDA:1,MemberBeatSubscriptionManager.processDueSubscriptions
DA:224,1
DA:225,1
DA:226,1
DA:227,1
DA:228,1
DA:229,1
DA:230,1
DA:231,1
DA:233,1
DA:234,1
DA:235,1
BRDA:235,15,0,1
DA:237,1
DA:238,1
DA:239,1
FN:244,MemberBeatSubscriptionManager.handleSubscriptionCharge
FNDA:3,MemberBeatSubscriptionManager.handleSubscriptionCharge
DA:245,2
DA:246,2
DA:248,1
DA:249,1
DA:250,0
BRDA:250,16,0,-
DA:251,0
DA:252,0
DA:253,0
DA:254,0
DA:257,1
FN:260,MemberBeatSubscriptionManager.createPlan
FNDA:56,MemberBeatSubscriptionManager.createPlan
DA:261,55
FN:264,MemberBeatSubscriptionManager.updatePlan
FNDA:4,MemberBeatSubscriptionManager.updatePlan
DA:265,3
FN:268,MemberBeatSubscriptionManager.deletePlan
FNDA:4,MemberBeatSubscriptionManager.deletePlan
DA:269,3
FN:272,MemberBeatSubscriptionManager.getPlan
FNDA:3,MemberBeatSubscriptionManager.getPlan
DA:273,3
FN:276,MemberBeatSubscriptionManager.addBillingPlan
FNDA:84,MemberBeatSubscriptionManager.addBillingPlan
DA:277,83
FN:280,MemberBeatSubscriptionManager.updateBillingPlan
FNDA:5,MemberBeatSubscriptionManager.updateBillingPlan
DA:284,4
FN:287,MemberBeatSubscriptionManager.removeBillingPlan
FNDA:5,MemberBeatSubscriptionManager.removeBillingPlan
DA:288,4
FN:291,MemberBeatSubscriptionManager.getBillingPlan
FNDA:4,MemberBeatSubscriptionManager.getBillingPlan
DA:292,4
FN:295,MemberBeatSubscriptionManager.addTokenPriceFeed
FNDA:146,MemberBeatSubscriptionManager.addTokenPriceFeed
DA:296,145
FN:299,MemberBeatSubscriptionManager.updateTokenPriceFeed
FNDA:3,MemberBeatSubscriptionManager.updateTokenPriceFeed
DA:300,2
FN:303,MemberBeatSubscriptionManager.getTokenPriceFeed
FNDA:3,MemberBeatSubscriptionManager.getTokenPriceFeed
DA:304,3
FN:307,MemberBeatSubscriptionManager.isTokenRegistered
FNDA:1,MemberBeatSubscriptionManager.isTokenRegistered
DA:308,1
FN:311,MemberBeatSubscriptionManager.getRegisteredTokens
FNDA:0,MemberBeatSubscriptionManager.getRegisteredTokens
DA:312,0
FN:315,MemberBeatSubscriptionManager.convertFiatToTokenAmount
FNDA:14,MemberBeatSubscriptionManager.convertFiatToTokenAmount
DA:316,14
FN:319,MemberBeatSubscriptionManager.getUserSubscription
FNDA:6,MemberBeatSubscriptionManager.getUserSubscription
DA:320,6
DA:321,3
BRDA:321,17,0,-
DA:322,0
DA:324,3
FN:327,MemberBeatSubscriptionManager.getSubscriptionAtIndex
FNDA:3,MemberBeatSubscriptionManager.getSubscriptionAtIndex
DA:328,4
BRDA:328,18,0,2
DA:329,2
DA:332,2
DA:333,2
BRDA:333,19,0,-
DA:334,0
DA:337,2
FNF:29
FNH:28
LF:134
LH:120
BRF:24
BRH:15
end_of_record
TN:
SF:src/registry/SubscriptionPlansRegistry.sol
FN:36,SubscriptionPlansRegistry.validBillingPlan
FNDA:4,SubscriptionPlansRegistry.validBillingPlan
DA:37,4
DA:38,4
DA:40,4
BRDA:40,0,0,-
DA:41,0
DA:44,4
BRDA:44,1,0,-
BRDA:44,1,1,76
DA:45,0
BRDA:45,2,0,-
BRDA:45,2,1,2
DA:46,0
DA:47,0
BRDA:47,3,0,-
DA:48,0
DA:51,0
DA:52,0
BRDA:52,4,0,-
DA:53,0
DA:56,0
BRDA:56,5,0,-
DA:57,0
DA:62,4
BRDA:62,6,0,4
DA:63,4
BRDA:63,7,0,-
DA:64,0
DA:69,4
DA:73,0
BRDA:73,8,0,-
DA:74,0
FN:81,SubscriptionPlansRegistry.createPlan
FNDA:55,SubscriptionPlansRegistry.createPlan
DA:82,55
BRDA:82,9,0,1
DA:83,1
DA:86,54
DA:87,54
DA:88,54
DA:90,54
FN:93,SubscriptionPlansRegistry.updatePlan
FNDA:3,SubscriptionPlansRegistry.updatePlan
DA:94,3
BRDA:94,10,0,1
DA:95,1
DA:98,2
DA:99,2
DA:101,2
FN:104,SubscriptionPlansRegistry.deletePlan
FNDA:3,SubscriptionPlansRegistry.deletePlan
DA:105,3
BRDA:105,11,0,1
DA:106,1
DA:109,2
DA:111,2
FN:114,SubscriptionPlansRegistry.getPlan
FNDA:3,SubscriptionPlansRegistry.getPlan
DA:115,3
BRDA:115,12,0,1
DA:116,1
DA:119,2
FN:122,SubscriptionPlansRegistry.addBillingPlan
FNDA:83,SubscriptionPlansRegistry.addBillingPlan
DA:126,71
DA:127,71
BRDA:127,13,0,1
DA:128,1
DA:131,70
DA:133,70
FN:136,SubscriptionPlansRegistry.updateBillingPlan
FNDA:4,SubscriptionPlansRegistry.updateBillingPlan
DA:140,4
DA:141,4
BRDA:141,14,0,1
DA:142,1
DA:145,3
BRDA:145,15,0,1
DA:146,1
DA:149,2
DA:151,2
FN:154,SubscriptionPlansRegistry.removeBillingPlan
FNDA:4,SubscriptionPlansRegistry.removeBillingPlan
DA:155,4
DA:156,4
BRDA:156,16,0,1
DA:157,1
DA:160,3
BRDA:160,17,0,1
DA:161,1
DA:164,2
DA:165,0
DA:168,2
DA:170,2
FN:173,SubscriptionPlansRegistry.getBillingPlan
FNDA:22,SubscriptionPlansRegistry.getBillingPlan
DA:174,22
DA:175,22
BRDA:175,18,0,2
DA:176,2
DA:179,20
BRDA:179,19,0,3
DA:180,3
DA:183,17
FNF:9
FNH:9
LF:65
LH:51
BRF:22
BRH:14
end_of_record
TN:
SF:src/registry/TokenPriceFeedRegistry.sol
FN:20,TokenPriceFeedRegistry.addTokenPriceFeed
FNDA:145,TokenPriceFeedRegistry.addTokenPriceFeed
DA:21,1
BRDA:21,0,0,1
DA:22,1
DA:24,144
DA:25,144
DA:26,144
FN:29,TokenPriceFeedRegistry.updateTokenPriceFeed
FNDA:2,TokenPriceFeedRegistry.updateTokenPriceFeed
DA:30,2
BRDA:30,1,0,1
DA:31,1
DA:33,1
FN:36,TokenPriceFeedRegistry.getTokenPriceFeed
FNDA:3,TokenPriceFeedRegistry.getTokenPriceFeed
DA:37,33
BRDA:37,2,0,2
DA:38,2
DA:40,31
FN:43,TokenPriceFeedRegistry.isTokenRegistered
FNDA:1,TokenPriceFeedRegistry.isTokenRegistered
DA:44,1
FN:47,TokenPriceFeedRegistry.getRegisteredTokens
FNDA:0,TokenPriceFeedRegistry.getRegisteredTokens
DA:48,0
FN:51,TokenPriceFeedRegistry.getLatestPrice
FNDA:1,TokenPriceFeedRegistry.getLatestPrice
DA:52,30
DA:53,29
DA:54,29
FN:57,TokenPriceFeedRegistry.convertFiatToTokenAmount
FNDA:29,TokenPriceFeedRegistry.convertFiatToTokenAmount
DA:58,29
DA:59,29
BRDA:59,3,0,1
DA:60,1
DA:62,28
FNF:7
FNH:6
LF:20
LH:19
BRF:4
BRH:4
end_of_record
TN:
SF:test/mocks/ERC20Mock.t.sol
FN:8,ERC20Mock.
FNDA:138,ERC20Mock.
DA:12,138
FN:15,ERC20Mock.mint
FNDA:50,ERC20Mock.mint
DA:16,50
FN:19,ERC20Mock.burn
FNDA:0,ERC20Mock.burn
DA:20,0
FN:23,ERC20Mock.transferInternal
FNDA:0,ERC20Mock.transferInternal
DA:24,0
FN:27,ERC20Mock.approveInternal
FNDA:0,ERC20Mock.approveInternal
DA:28,0
FNF:5
FNH:2
LF:5
LH:2
BRF:0
BRH:0
end_of_record
TN:
SF:test/mocks/MockV3Aggregator.t.sol
FN:25,MockV3Aggregator.
FNDA:138,MockV3Aggregator.
DA:26,138
DA:27,138
FN:30,MockV3Aggregator.updateAnswer
FNDA:139,MockV3Aggregator.updateAnswer
DA:31,139
DA:32,139
DA:33,139
DA:34,139
DA:35,139
DA:36,139
FN:39,MockV3Aggregator.updateRoundData
FNDA:0,MockV3Aggregator.updateRoundData
DA:40,0
DA:41,0
DA:42,0
DA:43,0
DA:44,0
DA:45,0
FN:48,MockV3Aggregator.getRoundData
FNDA:0,MockV3Aggregator.getRoundData
DA:53,0
FN:56,MockV3Aggregator.latestRoundData
FNDA:29,MockV3Aggregator.latestRoundData
DA:61,29
FN:70,MockV3Aggregator.description
FNDA:0,MockV3Aggregator.description
DA:71,0
FNF:6
FNH:3
LF:17
LH:9
BRF:0
BRH:0
end_of_record
TN:
SF:test/mocks/TestingUtils.t.sol
FN:54,TestingUtils.createBillingPlan
FNDA:215,TestingUtils.createBillingPlan
DA:62,215
FNF:1
FNH:1
LF:1
LH:1
BRF:0
BRH:0
end_of_record
